#
# A fatal error has been detected by the Java Runtime Environment:
#
#  EXCEPTION_ACCESS_VIOLATION (0xc0000005) at pc=0x00007ffcac6b88f9, pid=8816, tid=24244
#
# JRE version: OpenJDK Runtime Environment 18.9 (11.0.15+9) (build 11.0.15+9-LTS)
# Java VM: OpenJDK 64-Bit Server VM 18.9 (11.0.15+9-LTS, mixed mode, tiered, compressed oops, g1 gc, windows-amd64)
# Problematic frame:
# V  [jvm.dll+0x2488f9]
#
# No core dump will be written. Minidumps are not enabled by default on client versions of Windows
#
# If you would like to submit a bug report, please visit:
#   https://github.com/ojdkbuild/ojdkbuild/issues
#

---------------  S U M M A R Y ------------

Command Line: -agentlib:jdwp=transport=dt_socket,suspend=y,address=localhost:64605 -javaagent:C:\Users\Å¸¸®\Desktop\MKY\workspace\eclipse\configuration\org.eclipse.osgi\407\0\.cp\lib\javaagent-shaded.jar -Dfile.encoding=UTF-8 exam.Server

Host: Intel(R) Core(TM) Ultra 5 125H, 18 cores, 31G,  Windows 11 , 64 bit Build 22621 (10.0.22621.3374)
Time: Wed Apr 17 16:06:47 2024  Windows 11 , 64 bit Build 22621 (10.0.22621.3374) elapsed time: 94.110350 seconds (0d 0h 1m 34s)

---------------  T H R E A D  ---------------

Current thread (0x000002a58adcf800):  VMThread "VM Thread" [stack: 0x000000d4d1900000,0x000000d4d1a00000] [id=24244]

Stack: [0x000000d4d1900000,0x000000d4d1a00000],  sp=0x000000d4d19fe7b8,  free space=1017k
Native frames: (J=compiled Java code, j=interpreted, Vv=VM code, C=native code)
V  [jvm.dll+0x2488f9]


siginfo: EXCEPTION_ACCESS_VIOLATION (0xc0000005), reading address 0x000002a58bd9e5b8


Register to memory mapping:

RIP=0x00007ffcac6b88f9 jvm.dll
RAX=0x0000000000195780 is an unknown value
RBX=0x000002a58bc087a8 is pointing into metadata
RCX=0x000002a58bc08e38 is pointing into metadata
RDX=0x000000000000cabb is an unknown value
RSP=0x000000d4d19fe7b8 points into unknown readable memory: 0x00007ffcac6b897e | 7e 89 6b ac fc 7f 00 00
RBP=0x000000d4d19fed70 points into unknown readable memory: 0x000002a58a2685f8 | f8 85 26 8a a5 02 00 00
RSI=0x000000d4d19feee0 points into unknown readable memory: 0x00007ffcacd6b398 | 98 b3 d6 ac fc 7f 00 00
RDI=0x000000d4d19feee0 points into unknown readable memory: 0x00007ffcacd6b398 | 98 b3 d6 ac fc 7f 00 00
R8 =0x0 is NULL
R9 =0x000002a58bc087a8 is pointing into metadata
R10=0x00007ffcac470000 jvm.dll
R11=0x000000d4d19fec80 points into unknown readable memory: 0x000000d4d19fed40 | 40 ed 9f d1 d4 00 00 00
R12=0x000002a58a2682d0 points into unknown readable memory: 0x00000000acd68c00 | 00 8c d6 ac 00 00 00 00
R13=0x0 is NULL
R14=0x000002a58bc08cfe is pointing into metadata
R15=0x0000000000000054 is an unknown value


Registers:
RAX=0x0000000000195780, RBX=0x000002a58bc087a8, RCX=0x000002a58bc08e38, RDX=0x000000000000cabb
RSP=0x000000d4d19fe7b8, RBP=0x000000d4d19fed70, RSI=0x000000d4d19feee0, RDI=0x000000d4d19feee0
R8 =0x0000000000000000, R9 =0x000002a58bc087a8, R10=0x00007ffcac470000, R11=0x000000d4d19fec80
R12=0x000002a58a2682d0, R13=0x0000000000000000, R14=0x000002a58bc08cfe, R15=0x0000000000000054
RIP=0x00007ffcac6b88f9, EFLAGS=0x0000000000010202

Top of Stack: (sp=0x000000d4d19fe7b8)
0x000000d4d19fe7b8:   00007ffcac6b897e 0000000000000000
0x000000d4d19fe7c8:   0000000000000000 0000000000000000
0x000000d4d19fe7d8:   0000000000000000 0000000000000000
0x000000d4d19fe7e8:   00007ffcac79db30 0000000000000000
0x000000d4d19fe7f8:   000000d4d19feee0 0000000000000000
0x000000d4d19fe808:   0000000000000000 0000000000000000
0x000000d4d19fe818:   0000000000000000 00007ffcacd2c058
0x000000d4d19fe828:   000002a58accace0 0000000000000017
0x000000d4d19fe838:   000000000000000e 000000d4d19fe860
0x000000d4d19fe848:   0000000000000002 0000000000000000
0x000000d4d19fe858:   00007ffd2a4f6c5a 4fffffff4fffffff
0x000000d4d19fe868:   00007ffd2a4f654d 0000000000000000
0x000000d4d19fe878:   0000000000000000 0000000000000000
0x000000d4d19fe888:   0000000000000000 000000d4d19fe9b0
0x000000d4d19fe898:   00007ffd2a4f5365 0000000000008000
0x000000d4d19fe8a8:   000000d4d19fe9b0 0000000000000000 

Instructions: (pc=0x00007ffcac6b88f9)
0x00007ffcac6b87f9:   03 03 03 03 03 03 03 03 03 03 03 03 03 03 03 03
0x00007ffcac6b8809:   03 03 03 03 03 03 03 03 03 03 03 03 03 03 03 03
0x00007ffcac6b8819:   03 03 03 03 03 03 03 03 03 03 03 03 03 03 03 03
0x00007ffcac6b8829:   03 03 03 03 03 03 03 03 03 03 03 03 03 03 03 03
0x00007ffcac6b8839:   03 03 02 03 03 02 cc 48 89 5c 24 08 48 89 74 24
0x00007ffcac6b8849:   10 57 48 83 ec 20 48 63 da 41 0f b6 f0 48 8b f9
0x00007ffcac6b8859:   85 d2 79 24 4c 8d 0d 6c fa 65 00 ba 92 02 00 00
0x00007ffcac6b8869:   4c 8d 05 98 fa 65 00 48 8d 0d 11 fa 65 00 e8 a4
0x00007ffcac6b8879:   71 00 00 e8 2f e0 3c 00 40 84 f6 75 18 48 8b 4f
0x00007ffcac6b8889:   10 48 85 c9 74 0f 48 8d 43 01 48 c1 e0 05 48 8b
0x00007ffcac6b8899:   04 08 0f b7 d8 48 8b 74 24 38 48 63 c3 48 8b 5c
0x00007ffcac6b88a9:   24 30 0f b7 44 c7 40 48 83 c4 20 5f c3 cc cc cc
0x00007ffcac6b88b9:   cc cc cc cc cc cc cc 4c 8b c9 45 84 c0 75 42 48
0x00007ffcac6b88c9:   8b 49 10 48 85 c9 74 39 85 d2 79 1a f7 d2 48 63
0x00007ffcac6b88d9:   c2 48 ff c0 48 c1 e0 05 48 8b 04 08 0f b7 c8 41
0x00007ffcac6b88e9:   0f b7 44 c9 42 c3 48 63 c2 48 ff c0 48 c1 e0 05
0x00007ffcac6b88f9:   48 8b 04 08 0f b7 d0 48 63 c2 41 0f b7 44 c1 42
0x00007ffcac6b8909:   c3 49 8b 41 08 48 63 ca 0f b6 44 01 04 3c 12 74
0x00007ffcac6b8919:   ce 49 8b 41 08 0f b6 44 01 04 3c 11 74 c1 49 8b
0x00007ffcac6b8929:   41 08 0f b6 44 01 04 3c 6a 74 b4 48 63 c2 41 0f
0x00007ffcac6b8939:   b7 44 c1 42 c3 cc cc 40 53 48 83 ec 20 48 8b d9
0x00007ffcac6b8949:   e8 72 ff ff ff 48 63 d0 0f b7 44 d3 40 48 8b 44
0x00007ffcac6b8959:   c3 40 48 83 c4 20 5b c3 cc cc cc cc cc cc cc cc
0x00007ffcac6b8969:   cc cc cc cc cc cc cc 40 53 48 83 ec 20 48 8b d9
0x00007ffcac6b8979:   e8 42 ff ff ff 48 63 d0 0f b7 44 d3 42 48 8b 44
0x00007ffcac6b8989:   c3 40 48 83 c4 20 5b c3 cc cc cc cc cc cc cc cc
0x00007ffcac6b8999:   cc cc cc cc cc cc cc 4c 8b d1 45 84 c9 75 23 4c
0x00007ffcac6b89a9:   8b 49 10 4d 85 c9 74 1a 45 85 c0 79 03 41 f7 d0
0x00007ffcac6b89b9:   49 63 c0 48 ff c0 48 c1 e0 05 4a 8b 04 08 44 0f
0x00007ffcac6b89c9:   b7 c0 49 8b 42 08 49 63 c8 0f b6 4c 08 04 48 8b
0x00007ffcac6b89d9:   c2 88 0a c3 cc cc cc 40 56 57 41 54 41 56 41 57
0x00007ffcac6b89e9:   48 83 ec 20 45 8b 30 49 8b f0 49 63 f9 4c 8b e2 


Stack slot to memory mapping:
stack at sp + 0 slots: 0x00007ffcac6b897e jvm.dll
stack at sp + 1 slots: 0x0 is NULL
stack at sp + 2 slots: 0x0 is NULL
stack at sp + 3 slots: 0x0 is NULL
stack at sp + 4 slots: 0x0 is NULL
stack at sp + 5 slots: 0x0 is NULL
stack at sp + 6 slots: 0x00007ffcac79db30 jvm.dll
stack at sp + 7 slots: 0x0 is NULL

VM_Operation (0x000000d4d28ff360): GetOrSetLocal, mode: safepoint, requested by thread 0x000002a58b234800


---------------  P R O C E S S  ---------------

Threads class SMR info:
_java_thread_list=0x000002a58b362bf0, length=13, elements={
0x000002a5da53d000, 0x000002a58add0000, 0x000002a58adf7000, 0x000002a58ae66800,
0x000002a58ae68000, 0x000002a58ae6b000, 0x000002a58ae6e000, 0x000002a58ae7b800,
0x000002a58ae8e800, 0x000002a58aff5000, 0x000002a58b234800, 0x000002a58b21c800,
0x000002a58b21d000
}

Java Threads: ( => current thread )
  0x000002a5da53d000 JavaThread "main" [_thread_blocked, id=21060, stack(0x000000d4d1300000,0x000000d4d1400000)]
  0x000002a58add0000 JavaThread "Reference Handler" daemon [_thread_blocked, id=12984, stack(0x000000d4d1a00000,0x000000d4d1b00000)]
  0x000002a58adf7000 JavaThread "Finalizer" daemon [_thread_blocked, id=23208, stack(0x000000d4d1b00000,0x000000d4d1c00000)]
  0x000002a58ae66800 JavaThread "Signal Dispatcher" daemon [_thread_blocked, id=22972, stack(0x000000d4d1c00000,0x000000d4d1d00000)]
  0x000002a58ae68000 JavaThread "Attach Listener" daemon [_thread_blocked, id=17992, stack(0x000000d4d1d00000,0x000000d4d1e00000)]
  0x000002a58ae6b000 JavaThread "Service Thread" daemon [_thread_blocked, id=2376, stack(0x000000d4d1e00000,0x000000d4d1f00000)]
  0x000002a58ae6e000 JavaThread "C2 CompilerThread0" daemon [_thread_blocked, id=21004, stack(0x000000d4d1f00000,0x000000d4d2000000)]
  0x000002a58ae7b800 JavaThread "C1 CompilerThread0" daemon [_thread_blocked, id=15932, stack(0x000000d4d2000000,0x000000d4d2100000)]
  0x000002a58ae8e800 JavaThread "Sweeper thread" daemon [_thread_blocked, id=3624, stack(0x000000d4d2100000,0x000000d4d2200000)]
  0x000002a58aff5000 JavaThread "Common-Cleaner" daemon [_thread_blocked, id=24436, stack(0x000000d4d2200000,0x000000d4d2300000)]
  0x000002a58b234800 JavaThread "JDWP Transport Listener: dt_socket" daemon [_thread_blocked, id=9084, stack(0x000000d4d2800000,0x000000d4d2900000)] _threads_hazard_ptr=0x000002a58b362bf0
  0x000002a58b21c800 JavaThread "JDWP Event Helper Thread" daemon [_thread_blocked, id=24104, stack(0x000000d4d2900000,0x000000d4d2a00000)]
  0x000002a58b21d000 JavaThread "JDWP Command Reader" daemon [_thread_in_native, id=17196, stack(0x000000d4d2a00000,0x000000d4d2b00000)]

Other Threads:
=>0x000002a58adcf800 VMThread "VM Thread" [stack: 0x000000d4d1900000,0x000000d4d1a00000] [id=24244]
  0x000002a58b2fb000 WatcherThread [stack: 0x000000d4d2b00000,0x000000d4d2c00000] [id=10940]
  0x000002a5da556800 GCTaskThread "GC Thread#0" [stack: 0x000000d4d1400000,0x000000d4d1500000] [id=1700]
  0x000002a5da5d9000 ConcurrentGCThread "G1 Main Marker" [stack: 0x000000d4d1500000,0x000000d4d1600000] [id=24144]
  0x000002a5da5db000 ConcurrentGCThread "G1 Conc#0" [stack: 0x000000d4d1600000,0x000000d4d1700000] [id=6840]
  0x000002a58a218800 ConcurrentGCThread "G1 Refine#0" [stack: 0x000000d4d1700000,0x000000d4d1800000] [id=9820]
  0x000002a58a21a000 ConcurrentGCThread "G1 Young RemSet Sampling" [stack: 0x000000d4d1800000,0x000000d4d1900000] [id=17604]

Threads with active compile tasks:

VM state:at safepoint (normal execution)

VM Mutex/Monitor currently owned by a thread:  ([mutex/lock_event])
[0x000002a5da53a280] Threads_lock - owner thread: 0x000002a58adcf800

Heap address: 0x0000000606800000, size: 8088 MB, Compressed Oops mode: Zero based, Oop shift amount: 3
Narrow klass base: 0x0000000800000000, Narrow klass shift: 0
Compressed class space size: 1073741824 Address: 0x0000000800000000

Heap:
 garbage-first heap   total 518144K, used 6144K [0x0000000606800000, 0x0000000800000000)
  region size 2048K, 4 young (8192K), 0 survivors (0K)
 Metaspace       used 9450K, capacity 9636K, committed 9856K, reserved 1058816K
  class space    used 818K, capacity 868K, committed 896K, reserved 1048576K
Heap Regions: E=young(eden), S=young(survivor), O=old, HS=humongous(starts), HC=humongous(continues), CS=collection set, F=free, A=archive, TAMS=top-at-mark-start (previous, next)
|   0|0x0000000606800000, 0x0000000606800000, 0x0000000606a00000|  0%| F|  |TAMS 0x0000000606800000, 0x0000000606800000| Untracked 
|   1|0x0000000606a00000, 0x0000000606a00000, 0x0000000606c00000|  0%| F|  |TAMS 0x0000000606a00000, 0x0000000606a00000| Untracked 
|   2|0x0000000606c00000, 0x0000000606c00000, 0x0000000606e00000|  0%| F|  |TAMS 0x0000000606c00000, 0x0000000606c00000| Untracked 
|   3|0x0000000606e00000, 0x0000000606e00000, 0x0000000607000000|  0%| F|  |TAMS 0x0000000606e00000, 0x0000000606e00000| Untracked 
|   4|0x0000000607000000, 0x0000000607000000, 0x0000000607200000|  0%| F|  |TAMS 0x0000000607000000, 0x0000000607000000| Untracked 
|   5|0x0000000607200000, 0x0000000607200000, 0x0000000607400000|  0%| F|  |TAMS 0x0000000607200000, 0x0000000607200000| Untracked 
|   6|0x0000000607400000, 0x0000000607400000, 0x0000000607600000|  0%| F|  |TAMS 0x0000000607400000, 0x0000000607400000| Untracked 
|   7|0x0000000607600000, 0x0000000607600000, 0x0000000607800000|  0%| F|  |TAMS 0x0000000607600000, 0x0000000607600000| Untracked 
|   8|0x0000000607800000, 0x0000000607800000, 0x0000000607a00000|  0%| F|  |TAMS 0x0000000607800000, 0x0000000607800000| Untracked 
|   9|0x0000000607a00000, 0x0000000607a00000, 0x0000000607c00000|  0%| F|  |TAMS 0x0000000607a00000, 0x0000000607a00000| Untracked 
|  10|0x0000000607c00000, 0x0000000607c00000, 0x0000000607e00000|  0%| F|  |TAMS 0x0000000607c00000, 0x0000000607c00000| Untracked 
|  11|0x0000000607e00000, 0x0000000607e00000, 0x0000000608000000|  0%| F|  |TAMS 0x0000000607e00000, 0x0000000607e00000| Untracked 
|  12|0x0000000608000000, 0x0000000608000000, 0x0000000608200000|  0%| F|  |TAMS 0x0000000608000000, 0x0000000608000000| Untracked 
|  13|0x0000000608200000, 0x0000000608200000, 0x0000000608400000|  0%| F|  |TAMS 0x0000000608200000, 0x0000000608200000| Untracked 
|  14|0x0000000608400000, 0x0000000608400000, 0x0000000608600000|  0%| F|  |TAMS 0x0000000608400000, 0x0000000608400000| Untracked 
|  15|0x0000000608600000, 0x0000000608600000, 0x0000000608800000|  0%| F|  |TAMS 0x0000000608600000, 0x0000000608600000| Untracked 
|  16|0x0000000608800000, 0x0000000608800000, 0x0000000608a00000|  0%| F|  |TAMS 0x0000000608800000, 0x0000000608800000| Untracked 
|  17|0x0000000608a00000, 0x0000000608a00000, 0x0000000608c00000|  0%| F|  |TAMS 0x0000000608a00000, 0x0000000608a00000| Untracked 
|  18|0x0000000608c00000, 0x0000000608c00000, 0x0000000608e00000|  0%| F|  |TAMS 0x0000000608c00000, 0x0000000608c00000| Untracked 
|  19|0x0000000608e00000, 0x0000000608e00000, 0x0000000609000000|  0%| F|  |TAMS 0x0000000608e00000, 0x0000000608e00000| Untracked 
|  20|0x0000000609000000, 0x0000000609000000, 0x0000000609200000|  0%| F|  |TAMS 0x0000000609000000, 0x0000000609000000| Untracked 
|  21|0x0000000609200000, 0x0000000609200000, 0x0000000609400000|  0%| F|  |TAMS 0x0000000609200000, 0x0000000609200000| Untracked 
|  22|0x0000000609400000, 0x0000000609400000, 0x0000000609600000|  0%| F|  |TAMS 0x0000000609400000, 0x0000000609400000| Untracked 
|  23|0x0000000609600000, 0x0000000609600000, 0x0000000609800000|  0%| F|  |TAMS 0x0000000609600000, 0x0000000609600000| Untracked 
|  24|0x0000000609800000, 0x0000000609800000, 0x0000000609a00000|  0%| F|  |TAMS 0x0000000609800000, 0x0000000609800000| Untracked 
|  25|0x0000000609a00000, 0x0000000609a00000, 0x0000000609c00000|  0%| F|  |TAMS 0x0000000609a00000, 0x0000000609a00000| Untracked 
|  26|0x0000000609c00000, 0x0000000609c00000, 0x0000000609e00000|  0%| F|  |TAMS 0x0000000609c00000, 0x0000000609c00000| Untracked 
|  27|0x0000000609e00000, 0x0000000609e00000, 0x000000060a000000|  0%| F|  |TAMS 0x0000000609e00000, 0x0000000609e00000| Untracked 
|  28|0x000000060a000000, 0x000000060a000000, 0x000000060a200000|  0%| F|  |TAMS 0x000000060a000000, 0x000000060a000000| Untracked 
|  29|0x000000060a200000, 0x000000060a200000, 0x000000060a400000|  0%| F|  |TAMS 0x000000060a200000, 0x000000060a200000| Untracked 
|  30|0x000000060a400000, 0x000000060a400000, 0x000000060a600000|  0%| F|  |TAMS 0x000000060a400000, 0x000000060a400000| Untracked 
|  31|0x000000060a600000, 0x000000060a600000, 0x000000060a800000|  0%| F|  |TAMS 0x000000060a600000, 0x000000060a600000| Untracked 
|  32|0x000000060a800000, 0x000000060a800000, 0x000000060aa00000|  0%| F|  |TAMS 0x000000060a800000, 0x000000060a800000| Untracked 
|  33|0x000000060aa00000, 0x000000060aa00000, 0x000000060ac00000|  0%| F|  |TAMS 0x000000060aa00000, 0x000000060aa00000| Untracked 
|  34|0x000000060ac00000, 0x000000060ac00000, 0x000000060ae00000|  0%| F|  |TAMS 0x000000060ac00000, 0x000000060ac00000| Untracked 
|  35|0x000000060ae00000, 0x000000060ae00000, 0x000000060b000000|  0%| F|  |TAMS 0x000000060ae00000, 0x000000060ae00000| Untracked 
|  36|0x000000060b000000, 0x000000060b000000, 0x000000060b200000|  0%| F|  |TAMS 0x000000060b000000, 0x000000060b000000| Untracked 
|  37|0x000000060b200000, 0x000000060b200000, 0x000000060b400000|  0%| F|  |TAMS 0x000000060b200000, 0x000000060b200000| Untracked 
|  38|0x000000060b400000, 0x000000060b400000, 0x000000060b600000|  0%| F|  |TAMS 0x000000060b400000, 0x000000060b400000| Untracked 
|  39|0x000000060b600000, 0x000000060b600000, 0x000000060b800000|  0%| F|  |TAMS 0x000000060b600000, 0x000000060b600000| Untracked 
|  40|0x000000060b800000, 0x000000060b800000, 0x000000060ba00000|  0%| F|  |TAMS 0x000000060b800000, 0x000000060b800000| Untracked 
|  41|0x000000060ba00000, 0x000000060ba00000, 0x000000060bc00000|  0%| F|  |TAMS 0x000000060ba00000, 0x000000060ba00000| Untracked 
|  42|0x000000060bc00000, 0x000000060bc00000, 0x000000060be00000|  0%| F|  |TAMS 0x000000060bc00000, 0x000000060bc00000| Untracked 
|  43|0x000000060be00000, 0x000000060be00000, 0x000000060c000000|  0%| F|  |TAMS 0x000000060be00000, 0x000000060be00000| Untracked 
|  44|0x000000060c000000, 0x000000060c000000, 0x000000060c200000|  0%| F|  |TAMS 0x000000060c000000, 0x000000060c000000| Untracked 
|  45|0x000000060c200000, 0x000000060c200000, 0x000000060c400000|  0%| F|  |TAMS 0x000000060c200000, 0x000000060c200000| Untracked 
|  46|0x000000060c400000, 0x000000060c400000, 0x000000060c600000|  0%| F|  |TAMS 0x000000060c400000, 0x000000060c400000| Untracked 
|  47|0x000000060c600000, 0x000000060c600000, 0x000000060c800000|  0%| F|  |TAMS 0x000000060c600000, 0x000000060c600000| Untracked 
|  48|0x000000060c800000, 0x000000060c800000, 0x000000060ca00000|  0%| F|  |TAMS 0x000000060c800000, 0x000000060c800000| Untracked 
|  49|0x000000060ca00000, 0x000000060ca00000, 0x000000060cc00000|  0%| F|  |TAMS 0x000000060ca00000, 0x000000060ca00000| Untracked 
|  50|0x000000060cc00000, 0x000000060cc00000, 0x000000060ce00000|  0%| F|  |TAMS 0x000000060cc00000, 0x000000060cc00000| Untracked 
|  51|0x000000060ce00000, 0x000000060ce00000, 0x000000060d000000|  0%| F|  |TAMS 0x000000060ce00000, 0x000000060ce00000| Untracked 
|  52|0x000000060d000000, 0x000000060d000000, 0x000000060d200000|  0%| F|  |TAMS 0x000000060d000000, 0x000000060d000000| Untracked 
|  53|0x000000060d200000, 0x000000060d200000, 0x000000060d400000|  0%| F|  |TAMS 0x000000060d200000, 0x000000060d200000| Untracked 
|  54|0x000000060d400000, 0x000000060d400000, 0x000000060d600000|  0%| F|  |TAMS 0x000000060d400000, 0x000000060d400000| Untracked 
|  55|0x000000060d600000, 0x000000060d600000, 0x000000060d800000|  0%| F|  |TAMS 0x000000060d600000, 0x000000060d600000| Untracked 
|  56|0x000000060d800000, 0x000000060d800000, 0x000000060da00000|  0%| F|  |TAMS 0x000000060d800000, 0x000000060d800000| Untracked 
|  57|0x000000060da00000, 0x000000060da00000, 0x000000060dc00000|  0%| F|  |TAMS 0x000000060da00000, 0x000000060da00000| Untracked 
|  58|0x000000060dc00000, 0x000000060dc00000, 0x000000060de00000|  0%| F|  |TAMS 0x000000060dc00000, 0x000000060dc00000| Untracked 
|  59|0x000000060de00000, 0x000000060de00000, 0x000000060e000000|  0%| F|  |TAMS 0x000000060de00000, 0x000000060de00000| Untracked 
|  60|0x000000060e000000, 0x000000060e000000, 0x000000060e200000|  0%| F|  |TAMS 0x000000060e000000, 0x000000060e000000| Untracked 
|  61|0x000000060e200000, 0x000000060e200000, 0x000000060e400000|  0%| F|  |TAMS 0x000000060e200000, 0x000000060e200000| Untracked 
|  62|0x000000060e400000, 0x000000060e400000, 0x000000060e600000|  0%| F|  |TAMS 0x000000060e400000, 0x000000060e400000| Untracked 
|  63|0x000000060e600000, 0x000000060e600000, 0x000000060e800000|  0%| F|  |TAMS 0x000000060e600000, 0x000000060e600000| Untracked 
|  64|0x000000060e800000, 0x000000060e800000, 0x000000060ea00000|  0%| F|  |TAMS 0x000000060e800000, 0x000000060e800000| Untracked 
|  65|0x000000060ea00000, 0x000000060ea00000, 0x000000060ec00000|  0%| F|  |TAMS 0x000000060ea00000, 0x000000060ea00000| Untracked 
|  66|0x000000060ec00000, 0x000000060ec00000, 0x000000060ee00000|  0%| F|  |TAMS 0x000000060ec00000, 0x000000060ec00000| Untracked 
|  67|0x000000060ee00000, 0x000000060ee00000, 0x000000060f000000|  0%| F|  |TAMS 0x000000060ee00000, 0x000000060ee00000| Untracked 
|  68|0x000000060f000000, 0x000000060f000000, 0x000000060f200000|  0%| F|  |TAMS 0x000000060f000000, 0x000000060f000000| Untracked 
|  69|0x000000060f200000, 0x000000060f200000, 0x000000060f400000|  0%| F|  |TAMS 0x000000060f200000, 0x000000060f200000| Untracked 
|  70|0x000000060f400000, 0x000000060f400000, 0x000000060f600000|  0%| F|  |TAMS 0x000000060f400000, 0x000000060f400000| Untracked 
|  71|0x000000060f600000, 0x000000060f600000, 0x000000060f800000|  0%| F|  |TAMS 0x000000060f600000, 0x000000060f600000| Untracked 
|  72|0x000000060f800000, 0x000000060f800000, 0x000000060fa00000|  0%| F|  |TAMS 0x000000060f800000, 0x000000060f800000| Untracked 
|  73|0x000000060fa00000, 0x000000060fa00000, 0x000000060fc00000|  0%| F|  |TAMS 0x000000060fa00000, 0x000000060fa00000| Untracked 
|  74|0x000000060fc00000, 0x000000060fc00000, 0x000000060fe00000|  0%| F|  |TAMS 0x000000060fc00000, 0x000000060fc00000| Untracked 
|  75|0x000000060fe00000, 0x000000060fe00000, 0x0000000610000000|  0%| F|  |TAMS 0x000000060fe00000, 0x000000060fe00000| Untracked 
|  76|0x0000000610000000, 0x0000000610000000, 0x0000000610200000|  0%| F|  |TAMS 0x0000000610000000, 0x0000000610000000| Untracked 
|  77|0x0000000610200000, 0x0000000610200000, 0x0000000610400000|  0%| F|  |TAMS 0x0000000610200000, 0x0000000610200000| Untracked 
|  78|0x0000000610400000, 0x0000000610400000, 0x0000000610600000|  0%| F|  |TAMS 0x0000000610400000, 0x0000000610400000| Untracked 
|  79|0x0000000610600000, 0x0000000610600000, 0x0000000610800000|  0%| F|  |TAMS 0x0000000610600000, 0x0000000610600000| Untracked 
|  80|0x0000000610800000, 0x0000000610800000, 0x0000000610a00000|  0%| F|  |TAMS 0x0000000610800000, 0x0000000610800000| Untracked 
|  81|0x0000000610a00000, 0x0000000610a00000, 0x0000000610c00000|  0%| F|  |TAMS 0x0000000610a00000, 0x0000000610a00000| Untracked 
|  82|0x0000000610c00000, 0x0000000610c00000, 0x0000000610e00000|  0%| F|  |TAMS 0x0000000610c00000, 0x0000000610c00000| Untracked 
|  83|0x0000000610e00000, 0x0000000610e00000, 0x0000000611000000|  0%| F|  |TAMS 0x0000000610e00000, 0x0000000610e00000| Untracked 
|  84|0x0000000611000000, 0x0000000611000000, 0x0000000611200000|  0%| F|  |TAMS 0x0000000611000000, 0x0000000611000000| Untracked 
|  85|0x0000000611200000, 0x0000000611200000, 0x0000000611400000|  0%| F|  |TAMS 0x0000000611200000, 0x0000000611200000| Untracked 
|  86|0x0000000611400000, 0x0000000611400000, 0x0000000611600000|  0%| F|  |TAMS 0x0000000611400000, 0x0000000611400000| Untracked 
|  87|0x0000000611600000, 0x0000000611600000, 0x0000000611800000|  0%| F|  |TAMS 0x0000000611600000, 0x0000000611600000| Untracked 
|  88|0x0000000611800000, 0x0000000611800000, 0x0000000611a00000|  0%| F|  |TAMS 0x0000000611800000, 0x0000000611800000| Untracked 
|  89|0x0000000611a00000, 0x0000000611a00000, 0x0000000611c00000|  0%| F|  |TAMS 0x0000000611a00000, 0x0000000611a00000| Untracked 
|  90|0x0000000611c00000, 0x0000000611c00000, 0x0000000611e00000|  0%| F|  |TAMS 0x0000000611c00000, 0x0000000611c00000| Untracked 
|  91|0x0000000611e00000, 0x0000000611e00000, 0x0000000612000000|  0%| F|  |TAMS 0x0000000611e00000, 0x0000000611e00000| Untracked 
|  92|0x0000000612000000, 0x0000000612000000, 0x0000000612200000|  0%| F|  |TAMS 0x0000000612000000, 0x0000000612000000| Untracked 
|  93|0x0000000612200000, 0x0000000612200000, 0x0000000612400000|  0%| F|  |TAMS 0x0000000612200000, 0x0000000612200000| Untracked 
|  94|0x0000000612400000, 0x0000000612400000, 0x0000000612600000|  0%| F|  |TAMS 0x0000000612400000, 0x0000000612400000| Untracked 
|  95|0x0000000612600000, 0x0000000612600000, 0x0000000612800000|  0%| F|  |TAMS 0x0000000612600000, 0x0000000612600000| Untracked 
|  96|0x0000000612800000, 0x0000000612800000, 0x0000000612a00000|  0%| F|  |TAMS 0x0000000612800000, 0x0000000612800000| Untracked 
|  97|0x0000000612a00000, 0x0000000612a00000, 0x0000000612c00000|  0%| F|  |TAMS 0x0000000612a00000, 0x0000000612a00000| Untracked 
|  98|0x0000000612c00000, 0x0000000612c00000, 0x0000000612e00000|  0%| F|  |TAMS 0x0000000612c00000, 0x0000000612c00000| Untracked 
|  99|0x0000000612e00000, 0x0000000612e00000, 0x0000000613000000|  0%| F|  |TAMS 0x0000000612e00000, 0x0000000612e00000| Untracked 
| 100|0x0000000613000000, 0x0000000613000000, 0x0000000613200000|  0%| F|  |TAMS 0x0000000613000000, 0x0000000613000000| Untracked 
| 101|0x0000000613200000, 0x0000000613200000, 0x0000000613400000|  0%| F|  |TAMS 0x0000000613200000, 0x0000000613200000| Untracked 
| 102|0x0000000613400000, 0x0000000613400000, 0x0000000613600000|  0%| F|  |TAMS 0x0000000613400000, 0x0000000613400000| Untracked 
| 103|0x0000000613600000, 0x0000000613600000, 0x0000000613800000|  0%| F|  |TAMS 0x0000000613600000, 0x0000000613600000| Untracked 
| 104|0x0000000613800000, 0x0000000613800000, 0x0000000613a00000|  0%| F|  |TAMS 0x0000000613800000, 0x0000000613800000| Untracked 
| 105|0x0000000613a00000, 0x0000000613a00000, 0x0000000613c00000|  0%| F|  |TAMS 0x0000000613a00000, 0x0000000613a00000| Untracked 
| 106|0x0000000613c00000, 0x0000000613c00000, 0x0000000613e00000|  0%| F|  |TAMS 0x0000000613c00000, 0x0000000613c00000| Untracked 
| 107|0x0000000613e00000, 0x0000000613e00000, 0x0000000614000000|  0%| F|  |TAMS 0x0000000613e00000, 0x0000000613e00000| Untracked 
| 108|0x0000000614000000, 0x0000000614000000, 0x0000000614200000|  0%| F|  |TAMS 0x0000000614000000, 0x0000000614000000| Untracked 
| 109|0x0000000614200000, 0x0000000614200000, 0x0000000614400000|  0%| F|  |TAMS 0x0000000614200000, 0x0000000614200000| Untracked 
| 110|0x0000000614400000, 0x0000000614400000, 0x0000000614600000|  0%| F|  |TAMS 0x0000000614400000, 0x0000000614400000| Untracked 
| 111|0x0000000614600000, 0x0000000614600000, 0x0000000614800000|  0%| F|  |TAMS 0x0000000614600000, 0x0000000614600000| Untracked 
| 112|0x0000000614800000, 0x0000000614800000, 0x0000000614a00000|  0%| F|  |TAMS 0x0000000614800000, 0x0000000614800000| Untracked 
| 113|0x0000000614a00000, 0x0000000614a00000, 0x0000000614c00000|  0%| F|  |TAMS 0x0000000614a00000, 0x0000000614a00000| Untracked 
| 114|0x0000000614c00000, 0x0000000614c00000, 0x0000000614e00000|  0%| F|  |TAMS 0x0000000614c00000, 0x0000000614c00000| Untracked 
| 115|0x0000000614e00000, 0x0000000614e00000, 0x0000000615000000|  0%| F|  |TAMS 0x0000000614e00000, 0x0000000614e00000| Untracked 
| 116|0x0000000615000000, 0x0000000615000000, 0x0000000615200000|  0%| F|  |TAMS 0x0000000615000000, 0x0000000615000000| Untracked 
| 117|0x0000000615200000, 0x0000000615200000, 0x0000000615400000|  0%| F|  |TAMS 0x0000000615200000, 0x0000000615200000| Untracked 
| 118|0x0000000615400000, 0x0000000615400000, 0x0000000615600000|  0%| F|  |TAMS 0x0000000615400000, 0x0000000615400000| Untracked 
| 119|0x0000000615600000, 0x0000000615600000, 0x0000000615800000|  0%| F|  |TAMS 0x0000000615600000, 0x0000000615600000| Untracked 
| 120|0x0000000615800000, 0x0000000615800000, 0x0000000615a00000|  0%| F|  |TAMS 0x0000000615800000, 0x0000000615800000| Untracked 
| 121|0x0000000615a00000, 0x0000000615a00000, 0x0000000615c00000|  0%| F|  |TAMS 0x0000000615a00000, 0x0000000615a00000| Untracked 
| 122|0x0000000615c00000, 0x0000000615c00000, 0x0000000615e00000|  0%| F|  |TAMS 0x0000000615c00000, 0x0000000615c00000| Untracked 
| 123|0x0000000615e00000, 0x0000000615e00000, 0x0000000616000000|  0%| F|  |TAMS 0x0000000615e00000, 0x0000000615e00000| Untracked 
| 124|0x0000000616000000, 0x0000000616000000, 0x0000000616200000|  0%| F|  |TAMS 0x0000000616000000, 0x0000000616000000| Untracked 
| 125|0x0000000616200000, 0x0000000616200000, 0x0000000616400000|  0%| F|  |TAMS 0x0000000616200000, 0x0000000616200000| Untracked 
| 126|0x0000000616400000, 0x0000000616400000, 0x0000000616600000|  0%| F|  |TAMS 0x0000000616400000, 0x0000000616400000| Untracked 
| 127|0x0000000616600000, 0x0000000616600000, 0x0000000616800000|  0%| F|  |TAMS 0x0000000616600000, 0x0000000616600000| Untracked 
| 128|0x0000000616800000, 0x0000000616800000, 0x0000000616a00000|  0%| F|  |TAMS 0x0000000616800000, 0x0000000616800000| Untracked 
| 129|0x0000000616a00000, 0x0000000616a00000, 0x0000000616c00000|  0%| F|  |TAMS 0x0000000616a00000, 0x0000000616a00000| Untracked 
| 130|0x0000000616c00000, 0x0000000616c00000, 0x0000000616e00000|  0%| F|  |TAMS 0x0000000616c00000, 0x0000000616c00000| Untracked 
| 131|0x0000000616e00000, 0x0000000616e00000, 0x0000000617000000|  0%| F|  |TAMS 0x0000000616e00000, 0x0000000616e00000| Untracked 
| 132|0x0000000617000000, 0x0000000617000000, 0x0000000617200000|  0%| F|  |TAMS 0x0000000617000000, 0x0000000617000000| Untracked 
| 133|0x0000000617200000, 0x0000000617200000, 0x0000000617400000|  0%| F|  |TAMS 0x0000000617200000, 0x0000000617200000| Untracked 
| 134|0x0000000617400000, 0x0000000617400000, 0x0000000617600000|  0%| F|  |TAMS 0x0000000617400000, 0x0000000617400000| Untracked 
| 135|0x0000000617600000, 0x0000000617600000, 0x0000000617800000|  0%| F|  |TAMS 0x0000000617600000, 0x0000000617600000| Untracked 
| 136|0x0000000617800000, 0x0000000617800000, 0x0000000617a00000|  0%| F|  |TAMS 0x0000000617800000, 0x0000000617800000| Untracked 
| 137|0x0000000617a00000, 0x0000000617a00000, 0x0000000617c00000|  0%| F|  |TAMS 0x0000000617a00000, 0x0000000617a00000| Untracked 
| 138|0x0000000617c00000, 0x0000000617c00000, 0x0000000617e00000|  0%| F|  |TAMS 0x0000000617c00000, 0x0000000617c00000| Untracked 
| 139|0x0000000617e00000, 0x0000000617e00000, 0x0000000618000000|  0%| F|  |TAMS 0x0000000617e00000, 0x0000000617e00000| Untracked 
| 140|0x0000000618000000, 0x0000000618000000, 0x0000000618200000|  0%| F|  |TAMS 0x0000000618000000, 0x0000000618000000| Untracked 
| 141|0x0000000618200000, 0x0000000618200000, 0x0000000618400000|  0%| F|  |TAMS 0x0000000618200000, 0x0000000618200000| Untracked 
| 142|0x0000000618400000, 0x0000000618400000, 0x0000000618600000|  0%| F|  |TAMS 0x0000000618400000, 0x0000000618400000| Untracked 
| 143|0x0000000618600000, 0x0000000618600000, 0x0000000618800000|  0%| F|  |TAMS 0x0000000618600000, 0x0000000618600000| Untracked 
| 144|0x0000000618800000, 0x0000000618800000, 0x0000000618a00000|  0%| F|  |TAMS 0x0000000618800000, 0x0000000618800000| Untracked 
| 145|0x0000000618a00000, 0x0000000618a00000, 0x0000000618c00000|  0%| F|  |TAMS 0x0000000618a00000, 0x0000000618a00000| Untracked 
| 146|0x0000000618c00000, 0x0000000618c00000, 0x0000000618e00000|  0%| F|  |TAMS 0x0000000618c00000, 0x0000000618c00000| Untracked 
| 147|0x0000000618e00000, 0x0000000618e00000, 0x0000000619000000|  0%| F|  |TAMS 0x0000000618e00000, 0x0000000618e00000| Untracked 
| 148|0x0000000619000000, 0x0000000619000000, 0x0000000619200000|  0%| F|  |TAMS 0x0000000619000000, 0x0000000619000000| Untracked 
| 149|0x0000000619200000, 0x0000000619200000, 0x0000000619400000|  0%| F|  |TAMS 0x0000000619200000, 0x0000000619200000| Untracked 
| 150|0x0000000619400000, 0x0000000619400000, 0x0000000619600000|  0%| F|  |TAMS 0x0000000619400000, 0x0000000619400000| Untracked 
| 151|0x0000000619600000, 0x0000000619600000, 0x0000000619800000|  0%| F|  |TAMS 0x0000000619600000, 0x0000000619600000| Untracked 
| 152|0x0000000619800000, 0x0000000619800000, 0x0000000619a00000|  0%| F|  |TAMS 0x0000000619800000, 0x0000000619800000| Untracked 
| 153|0x0000000619a00000, 0x0000000619a00000, 0x0000000619c00000|  0%| F|  |TAMS 0x0000000619a00000, 0x0000000619a00000| Untracked 
| 154|0x0000000619c00000, 0x0000000619c00000, 0x0000000619e00000|  0%| F|  |TAMS 0x0000000619c00000, 0x0000000619c00000| Untracked 
| 155|0x0000000619e00000, 0x0000000619e00000, 0x000000061a000000|  0%| F|  |TAMS 0x0000000619e00000, 0x0000000619e00000| Untracked 
| 156|0x000000061a000000, 0x000000061a000000, 0x000000061a200000|  0%| F|  |TAMS 0x000000061a000000, 0x000000061a000000| Untracked 
| 157|0x000000061a200000, 0x000000061a200000, 0x000000061a400000|  0%| F|  |TAMS 0x000000061a200000, 0x000000061a200000| Untracked 
| 158|0x000000061a400000, 0x000000061a400000, 0x000000061a600000|  0%| F|  |TAMS 0x000000061a400000, 0x000000061a400000| Untracked 
| 159|0x000000061a600000, 0x000000061a600000, 0x000000061a800000|  0%| F|  |TAMS 0x000000061a600000, 0x000000061a600000| Untracked 
| 160|0x000000061a800000, 0x000000061a800000, 0x000000061aa00000|  0%| F|  |TAMS 0x000000061a800000, 0x000000061a800000| Untracked 
| 161|0x000000061aa00000, 0x000000061aa00000, 0x000000061ac00000|  0%| F|  |TAMS 0x000000061aa00000, 0x000000061aa00000| Untracked 
| 162|0x000000061ac00000, 0x000000061ac00000, 0x000000061ae00000|  0%| F|  |TAMS 0x000000061ac00000, 0x000000061ac00000| Untracked 
| 163|0x000000061ae00000, 0x000000061ae00000, 0x000000061b000000|  0%| F|  |TAMS 0x000000061ae00000, 0x000000061ae00000| Untracked 
| 164|0x000000061b000000, 0x000000061b000000, 0x000000061b200000|  0%| F|  |TAMS 0x000000061b000000, 0x000000061b000000| Untracked 
| 165|0x000000061b200000, 0x000000061b200000, 0x000000061b400000|  0%| F|  |TAMS 0x000000061b200000, 0x000000061b200000| Untracked 
| 166|0x000000061b400000, 0x000000061b400000, 0x000000061b600000|  0%| F|  |TAMS 0x000000061b400000, 0x000000061b400000| Untracked 
| 167|0x000000061b600000, 0x000000061b600000, 0x000000061b800000|  0%| F|  |TAMS 0x000000061b600000, 0x000000061b600000| Untracked 
| 168|0x000000061b800000, 0x000000061b800000, 0x000000061ba00000|  0%| F|  |TAMS 0x000000061b800000, 0x000000061b800000| Untracked 
| 169|0x000000061ba00000, 0x000000061ba00000, 0x000000061bc00000|  0%| F|  |TAMS 0x000000061ba00000, 0x000000061ba00000| Untracked 
| 170|0x000000061bc00000, 0x000000061bc00000, 0x000000061be00000|  0%| F|  |TAMS 0x000000061bc00000, 0x000000061bc00000| Untracked 
| 171|0x000000061be00000, 0x000000061be00000, 0x000000061c000000|  0%| F|  |TAMS 0x000000061be00000, 0x000000061be00000| Untracked 
| 172|0x000000061c000000, 0x000000061c000000, 0x000000061c200000|  0%| F|  |TAMS 0x000000061c000000, 0x000000061c000000| Untracked 
| 173|0x000000061c200000, 0x000000061c200000, 0x000000061c400000|  0%| F|  |TAMS 0x000000061c200000, 0x000000061c200000| Untracked 
| 174|0x000000061c400000, 0x000000061c400000, 0x000000061c600000|  0%| F|  |TAMS 0x000000061c400000, 0x000000061c400000| Untracked 
| 175|0x000000061c600000, 0x000000061c600000, 0x000000061c800000|  0%| F|  |TAMS 0x000000061c600000, 0x000000061c600000| Untracked 
| 176|0x000000061c800000, 0x000000061c800000, 0x000000061ca00000|  0%| F|  |TAMS 0x000000061c800000, 0x000000061c800000| Untracked 
| 177|0x000000061ca00000, 0x000000061ca00000, 0x000000061cc00000|  0%| F|  |TAMS 0x000000061ca00000, 0x000000061ca00000| Untracked 
| 178|0x000000061cc00000, 0x000000061cc00000, 0x000000061ce00000|  0%| F|  |TAMS 0x000000061cc00000, 0x000000061cc00000| Untracked 
| 179|0x000000061ce00000, 0x000000061ce00000, 0x000000061d000000|  0%| F|  |TAMS 0x000000061ce00000, 0x000000061ce00000| Untracked 
| 180|0x000000061d000000, 0x000000061d000000, 0x000000061d200000|  0%| F|  |TAMS 0x000000061d000000, 0x000000061d000000| Untracked 
| 181|0x000000061d200000, 0x000000061d200000, 0x000000061d400000|  0%| F|  |TAMS 0x000000061d200000, 0x000000061d200000| Untracked 
| 182|0x000000061d400000, 0x000000061d400000, 0x000000061d600000|  0%| F|  |TAMS 0x000000061d400000, 0x000000061d400000| Untracked 
| 183|0x000000061d600000, 0x000000061d600000, 0x000000061d800000|  0%| F|  |TAMS 0x000000061d600000, 0x000000061d600000| Untracked 
| 184|0x000000061d800000, 0x000000061d800000, 0x000000061da00000|  0%| F|  |TAMS 0x000000061d800000, 0x000000061d800000| Untracked 
| 185|0x000000061da00000, 0x000000061da00000, 0x000000061dc00000|  0%| F|  |TAMS 0x000000061da00000, 0x000000061da00000| Untracked 
| 186|0x000000061dc00000, 0x000000061dc00000, 0x000000061de00000|  0%| F|  |TAMS 0x000000061dc00000, 0x000000061dc00000| Untracked 
| 187|0x000000061de00000, 0x000000061de00000, 0x000000061e000000|  0%| F|  |TAMS 0x000000061de00000, 0x000000061de00000| Untracked 
| 188|0x000000061e000000, 0x000000061e000000, 0x000000061e200000|  0%| F|  |TAMS 0x000000061e000000, 0x000000061e000000| Untracked 
| 189|0x000000061e200000, 0x000000061e200000, 0x000000061e400000|  0%| F|  |TAMS 0x000000061e200000, 0x000000061e200000| Untracked 
| 190|0x000000061e400000, 0x000000061e400000, 0x000000061e600000|  0%| F|  |TAMS 0x000000061e400000, 0x000000061e400000| Untracked 
| 191|0x000000061e600000, 0x000000061e600000, 0x000000061e800000|  0%| F|  |TAMS 0x000000061e600000, 0x000000061e600000| Untracked 
| 192|0x000000061e800000, 0x000000061e800000, 0x000000061ea00000|  0%| F|  |TAMS 0x000000061e800000, 0x000000061e800000| Untracked 
| 193|0x000000061ea00000, 0x000000061ea00000, 0x000000061ec00000|  0%| F|  |TAMS 0x000000061ea00000, 0x000000061ea00000| Untracked 
| 194|0x000000061ec00000, 0x000000061ec00000, 0x000000061ee00000|  0%| F|  |TAMS 0x000000061ec00000, 0x000000061ec00000| Untracked 
| 195|0x000000061ee00000, 0x000000061ee00000, 0x000000061f000000|  0%| F|  |TAMS 0x000000061ee00000, 0x000000061ee00000| Untracked 
| 196|0x000000061f000000, 0x000000061f000000, 0x000000061f200000|  0%| F|  |TAMS 0x000000061f000000, 0x000000061f000000| Untracked 
| 197|0x000000061f200000, 0x000000061f200000, 0x000000061f400000|  0%| F|  |TAMS 0x000000061f200000, 0x000000061f200000| Untracked 
| 198|0x000000061f400000, 0x000000061f400000, 0x000000061f600000|  0%| F|  |TAMS 0x000000061f400000, 0x000000061f400000| Untracked 
| 199|0x000000061f600000, 0x000000061f600000, 0x000000061f800000|  0%| F|  |TAMS 0x000000061f600000, 0x000000061f600000| Untracked 
| 200|0x000000061f800000, 0x000000061f800000, 0x000000061fa00000|  0%| F|  |TAMS 0x000000061f800000, 0x000000061f800000| Untracked 
| 201|0x000000061fa00000, 0x000000061fa00000, 0x000000061fc00000|  0%| F|  |TAMS 0x000000061fa00000, 0x000000061fa00000| Untracked 
| 202|0x000000061fc00000, 0x000000061fc00000, 0x000000061fe00000|  0%| F|  |TAMS 0x000000061fc00000, 0x000000061fc00000| Untracked 
| 203|0x000000061fe00000, 0x000000061fe00000, 0x0000000620000000|  0%| F|  |TAMS 0x000000061fe00000, 0x000000061fe00000| Untracked 
| 204|0x0000000620000000, 0x0000000620000000, 0x0000000620200000|  0%| F|  |TAMS 0x0000000620000000, 0x0000000620000000| Untracked 
| 205|0x0000000620200000, 0x0000000620200000, 0x0000000620400000|  0%| F|  |TAMS 0x0000000620200000, 0x0000000620200000| Untracked 
| 206|0x0000000620400000, 0x0000000620400000, 0x0000000620600000|  0%| F|  |TAMS 0x0000000620400000, 0x0000000620400000| Untracked 
| 207|0x0000000620600000, 0x0000000620600000, 0x0000000620800000|  0%| F|  |TAMS 0x0000000620600000, 0x0000000620600000| Untracked 
| 208|0x0000000620800000, 0x0000000620800000, 0x0000000620a00000|  0%| F|  |TAMS 0x0000000620800000, 0x0000000620800000| Untracked 
| 209|0x0000000620a00000, 0x0000000620a00000, 0x0000000620c00000|  0%| F|  |TAMS 0x0000000620a00000, 0x0000000620a00000| Untracked 
| 210|0x0000000620c00000, 0x0000000620c00000, 0x0000000620e00000|  0%| F|  |TAMS 0x0000000620c00000, 0x0000000620c00000| Untracked 
| 211|0x0000000620e00000, 0x0000000620e00000, 0x0000000621000000|  0%| F|  |TAMS 0x0000000620e00000, 0x0000000620e00000| Untracked 
| 212|0x0000000621000000, 0x0000000621000000, 0x0000000621200000|  0%| F|  |TAMS 0x0000000621000000, 0x0000000621000000| Untracked 
| 213|0x0000000621200000, 0x0000000621200000, 0x0000000621400000|  0%| F|  |TAMS 0x0000000621200000, 0x0000000621200000| Untracked 
| 214|0x0000000621400000, 0x0000000621400000, 0x0000000621600000|  0%| F|  |TAMS 0x0000000621400000, 0x0000000621400000| Untracked 
| 215|0x0000000621600000, 0x0000000621600000, 0x0000000621800000|  0%| F|  |TAMS 0x0000000621600000, 0x0000000621600000| Untracked 
| 216|0x0000000621800000, 0x0000000621800000, 0x0000000621a00000|  0%| F|  |TAMS 0x0000000621800000, 0x0000000621800000| Untracked 
| 217|0x0000000621a00000, 0x0000000621a00000, 0x0000000621c00000|  0%| F|  |TAMS 0x0000000621a00000, 0x0000000621a00000| Untracked 
| 218|0x0000000621c00000, 0x0000000621c00000, 0x0000000621e00000|  0%| F|  |TAMS 0x0000000621c00000, 0x0000000621c00000| Untracked 
| 219|0x0000000621e00000, 0x0000000621e00000, 0x0000000622000000|  0%| F|  |TAMS 0x0000000621e00000, 0x0000000621e00000| Untracked 
| 220|0x0000000622000000, 0x0000000622000000, 0x0000000622200000|  0%| F|  |TAMS 0x0000000622000000, 0x0000000622000000| Untracked 
| 221|0x0000000622200000, 0x0000000622200000, 0x0000000622400000|  0%| F|  |TAMS 0x0000000622200000, 0x0000000622200000| Untracked 
| 222|0x0000000622400000, 0x0000000622400000, 0x0000000622600000|  0%| F|  |TAMS 0x0000000622400000, 0x0000000622400000| Untracked 
| 223|0x0000000622600000, 0x0000000622600000, 0x0000000622800000|  0%| F|  |TAMS 0x0000000622600000, 0x0000000622600000| Untracked 
| 224|0x0000000622800000, 0x0000000622800000, 0x0000000622a00000|  0%| F|  |TAMS 0x0000000622800000, 0x0000000622800000| Untracked 
| 225|0x0000000622a00000, 0x0000000622a00000, 0x0000000622c00000|  0%| F|  |TAMS 0x0000000622a00000, 0x0000000622a00000| Untracked 
| 226|0x0000000622c00000, 0x0000000622c00000, 0x0000000622e00000|  0%| F|  |TAMS 0x0000000622c00000, 0x0000000622c00000| Untracked 
| 227|0x0000000622e00000, 0x0000000622e00000, 0x0000000623000000|  0%| F|  |TAMS 0x0000000622e00000, 0x0000000622e00000| Untracked 
| 228|0x0000000623000000, 0x0000000623000000, 0x0000000623200000|  0%| F|  |TAMS 0x0000000623000000, 0x0000000623000000| Untracked 
| 229|0x0000000623200000, 0x0000000623200000, 0x0000000623400000|  0%| F|  |TAMS 0x0000000623200000, 0x0000000623200000| Untracked 
| 230|0x0000000623400000, 0x0000000623400000, 0x0000000623600000|  0%| F|  |TAMS 0x0000000623400000, 0x0000000623400000| Untracked 
| 231|0x0000000623600000, 0x0000000623600000, 0x0000000623800000|  0%| F|  |TAMS 0x0000000623600000, 0x0000000623600000| Untracked 
| 232|0x0000000623800000, 0x0000000623800000, 0x0000000623a00000|  0%| F|  |TAMS 0x0000000623800000, 0x0000000623800000| Untracked 
| 233|0x0000000623a00000, 0x0000000623a00000, 0x0000000623c00000|  0%| F|  |TAMS 0x0000000623a00000, 0x0000000623a00000| Untracked 
| 234|0x0000000623c00000, 0x0000000623c00000, 0x0000000623e00000|  0%| F|  |TAMS 0x0000000623c00000, 0x0000000623c00000| Untracked 
| 235|0x0000000623e00000, 0x0000000623e00000, 0x0000000624000000|  0%| F|  |TAMS 0x0000000623e00000, 0x0000000623e00000| Untracked 
| 236|0x0000000624000000, 0x0000000624000000, 0x0000000624200000|  0%| F|  |TAMS 0x0000000624000000, 0x0000000624000000| Untracked 
| 237|0x0000000624200000, 0x0000000624200000, 0x0000000624400000|  0%| F|  |TAMS 0x0000000624200000, 0x0000000624200000| Untracked 
| 238|0x0000000624400000, 0x0000000624400000, 0x0000000624600000|  0%| F|  |TAMS 0x0000000624400000, 0x0000000624400000| Untracked 
| 239|0x0000000624600000, 0x0000000624600000, 0x0000000624800000|  0%| F|  |TAMS 0x0000000624600000, 0x0000000624600000| Untracked 
| 240|0x0000000624800000, 0x0000000624800000, 0x0000000624a00000|  0%| F|  |TAMS 0x0000000624800000, 0x0000000624800000| Untracked 
| 241|0x0000000624a00000, 0x0000000624a00000, 0x0000000624c00000|  0%| F|  |TAMS 0x0000000624a00000, 0x0000000624a00000| Untracked 
| 242|0x0000000624c00000, 0x0000000624c00000, 0x0000000624e00000|  0%| F|  |TAMS 0x0000000624c00000, 0x0000000624c00000| Untracked 
| 243|0x0000000624e00000, 0x0000000624e00000, 0x0000000625000000|  0%| F|  |TAMS 0x0000000624e00000, 0x0000000624e00000| Untracked 
| 244|0x0000000625000000, 0x0000000625000000, 0x0000000625200000|  0%| F|  |TAMS 0x0000000625000000, 0x0000000625000000| Untracked 
| 245|0x0000000625200000, 0x0000000625200000, 0x0000000625400000|  0%| F|  |TAMS 0x0000000625200000, 0x0000000625200000| Untracked 
| 246|0x0000000625400000, 0x0000000625400000, 0x0000000625600000|  0%| F|  |TAMS 0x0000000625400000, 0x0000000625400000| Untracked 
| 247|0x0000000625600000, 0x0000000625600000, 0x0000000625800000|  0%| F|  |TAMS 0x0000000625600000, 0x0000000625600000| Untracked 
| 248|0x0000000625800000, 0x0000000625800000, 0x0000000625a00000|  0%| F|  |TAMS 0x0000000625800000, 0x0000000625800000| Untracked 
| 249|0x0000000625a00000, 0x0000000625b712c8, 0x0000000625c00000| 72%| E|  |TAMS 0x0000000625a00000, 0x0000000625a00000| Complete 
| 250|0x0000000625c00000, 0x0000000625e00000, 0x0000000625e00000|100%| E|CS|TAMS 0x0000000625c00000, 0x0000000625c00000| Complete 
| 251|0x0000000625e00000, 0x0000000626000000, 0x0000000626000000|100%| E|CS|TAMS 0x0000000625e00000, 0x0000000625e00000| Complete 
| 252|0x0000000626000000, 0x0000000626200000, 0x0000000626200000|100%| E|CS|TAMS 0x0000000626000000, 0x0000000626000000| Complete 

Card table byte_map: [0x000002a5f5500000,0x000002a5f64d0000] _byte_map_base: 0x000002a5f24cc000

Marking Bits (Prev, Next): (CMBitMap*) 0x000002a5da5c8558, (CMBitMap*) 0x000002a5da5c8590
 Prev Bits: [0x000002a5f74a0000, 0x000002a5ff300000)
 Next Bits: [0x000002a580000000, 0x000002a587e60000)

Polling page: 0x000002a5e4430000

Metaspace:

Usage:
  Non-class:      8.56 MB capacity,     8.43 MB ( 98%) used,   128.48 KB (  1%) free+waste,     7.25 KB ( <1%) overhead. 
      Class:    868.00 KB capacity,   818.23 KB ( 94%) used,    47.09 KB (  5%) free+waste,     2.69 KB ( <1%) overhead. 
       Both:      9.41 MB capacity,     9.23 MB ( 98%) used,   175.56 KB (  2%) free+waste,     9.94 KB ( <1%) overhead. 

Virtual space:
  Non-class space:       10.00 MB reserved,       8.75 MB ( 88%) committed 
      Class space:        1.00 GB reserved,     896.00 KB ( <1%) committed 
             Both:        1.01 GB reserved,       9.63 MB ( <1%) committed 

Chunk freelists:
   Non-Class:  0 bytes
       Class:  28.00 KB
        Both:  28.00 KB

MaxMetaspaceSize: 17179869184.00 GB
CompressedClassSpaceSize: 1.00 GB
Initial GC threshold: 20.80 MB
Current GC threshold: 20.80 MB
CDS: off

CodeHeap 'non-profiled nmethods': size=119168Kb used=111Kb max_used=111Kb free=119056Kb
 bounds [0x000002a5ebff0000, 0x000002a5ec260000, 0x000002a5f3450000]
CodeHeap 'profiled nmethods': size=119168Kb used=665Kb max_used=665Kb free=118502Kb
 bounds [0x000002a5e4b90000, 0x000002a5e4e00000, 0x000002a5ebff0000]
CodeHeap 'non-nmethods': size=7424Kb used=1194Kb max_used=2892Kb free=6230Kb
 bounds [0x000002a5e4450000, 0x000002a5e4730000, 0x000002a5e4b90000]
 total_blobs=801 nmethods=438 adapters=284
 compilation: enabled
              stopped_count=0, restarted_count=0
 full_count=0

Compilation events (20 events):
Event: 43.230 Thread 0x000002a58ae7b800  429       3       org.eclipse.jdt.launching.internal.org.objectweb.asm.ClassReader::getItem (7 bytes)
Event: 43.230 Thread 0x000002a58ae7b800 nmethod 429 0x000002a5e4c32b90 code [0x000002a5e4c32d40, 0x000002a5e4c32e78]
Event: 43.230 Thread 0x000002a58ae7b800  430       3       org.eclipse.jdt.launching.internal.org.objectweb.asm.Symbol::<init> (38 bytes)
Event: 43.230 Thread 0x000002a58ae7b800 nmethod 430 0x000002a5e4c32f90 code [0x000002a5e4c33140, 0x000002a5e4c333d8]
Event: 43.230 Thread 0x000002a58ae7b800  431       3       org.eclipse.jdt.launching.internal.org.objectweb.asm.SymbolTable::add (39 bytes)
Event: 43.232 Thread 0x000002a58ae7b800 nmethod 431 0x000002a5e4c33510 code [0x000002a5e4c336e0, 0x000002a5e4c33a58]
Event: 43.232 Thread 0x000002a58ae7b800  432       3       org.eclipse.jdt.launching.internal.org.objectweb.asm.ClassReader::readUTF8 (23 bytes)
Event: 43.232 Thread 0x000002a58ae7b800 nmethod 432 0x000002a5e4c33b90 code [0x000002a5e4c33d60, 0x000002a5e4c34008]
Event: 43.232 Thread 0x000002a58ae7b800  433       3       java.lang.String::<init> (14 bytes)
Event: 43.232 Thread 0x000002a58ae7b800 nmethod 433 0x000002a5e4c34190 code [0x000002a5e4c34360, 0x000002a5e4c34558]
Event: 43.232 Thread 0x000002a58ae7b800  434       3       java.lang.String::rangeCheck (9 bytes)
Event: 43.233 Thread 0x000002a58ae7b800 nmethod 434 0x000002a5e4c34690 code [0x000002a5e4c34840, 0x000002a5e4c34968]
Event: 43.233 Thread 0x000002a58ae7b800  435       3       org.eclipse.jdt.launching.internal.org.objectweb.asm.SymbolTable::hash (10 bytes)
Event: 43.233 Thread 0x000002a58ae7b800 nmethod 435 0x000002a5e4c34a10 code [0x000002a5e4c34bc0, 0x000002a5e4c34ce8]
Event: 72.454 Thread 0x000002a58ae7b800  436       3       org.eclipse.jdt.launching.internal.org.objectweb.asm.ClassReader::readUtf (161 bytes)
Event: 72.456 Thread 0x000002a58ae7b800 nmethod 436 0x000002a5e4c34e10 code [0x000002a5e4c35020, 0x000002a5e4c35618]
Event: 72.456 Thread 0x000002a58ae7b800  437       3       org.eclipse.jdt.launching.internal.org.objectweb.asm.SymbolTable$Entry::<init> (17 bytes)
Event: 72.456 Thread 0x000002a58ae7b800 nmethod 437 0x000002a5e4c35a10 code [0x000002a5e4c35bc0, 0x000002a5e4c35d48]
Event: 72.456 Thread 0x000002a58ae7b800  438       3       org.eclipse.jdt.launching.internal.org.objectweb.asm.SymbolTable::addConstantUtf8 (20 bytes)
Event: 72.456 Thread 0x000002a58ae7b800 nmethod 438 0x000002a5e4c35e10 code [0x000002a5e4c36000, 0x000002a5e4c36368]

GC Heap History (0 events):
No events

Deoptimization events (20 events):
Event: 0.184 Thread 0x000002a5da53d000 DEOPT PACKING pc=0x000002a5e4c17c84 sp=0x000000d4d13fa3e0
Event: 0.184 Thread 0x000002a5da53d000 DEOPT UNPACKING pc=0x000002a5e449a95e sp=0x000000d4d13f9848 mode 0
Event: 0.185 Thread 0x000002a5da53d000 DEOPT PACKING pc=0x000002a5e4c17c84 sp=0x000000d4d13fa3e0
Event: 0.185 Thread 0x000002a5da53d000 DEOPT UNPACKING pc=0x000002a5e449a95e sp=0x000000d4d13f9848 mode 0
Event: 0.185 Thread 0x000002a5da53d000 DEOPT PACKING pc=0x000002a5e4c17c84 sp=0x000000d4d13fa3e0
Event: 0.185 Thread 0x000002a5da53d000 DEOPT UNPACKING pc=0x000002a5e449a95e sp=0x000000d4d13f9848 mode 0
Event: 0.185 Thread 0x000002a5da53d000 DEOPT PACKING pc=0x000002a5e4c17c84 sp=0x000000d4d13fa3e0
Event: 0.185 Thread 0x000002a5da53d000 DEOPT UNPACKING pc=0x000002a5e449a95e sp=0x000000d4d13f9848 mode 0
Event: 0.185 Thread 0x000002a5da53d000 DEOPT PACKING pc=0x000002a5e4c17c84 sp=0x000000d4d13fa3e0
Event: 0.185 Thread 0x000002a5da53d000 DEOPT UNPACKING pc=0x000002a5e449a95e sp=0x000000d4d13f9848 mode 0
Event: 0.185 Thread 0x000002a5da53d000 DEOPT PACKING pc=0x000002a5e4c17c84 sp=0x000000d4d13fa3e0
Event: 0.185 Thread 0x000002a5da53d000 DEOPT UNPACKING pc=0x000002a5e449a95e sp=0x000000d4d13f9848 mode 0
Event: 0.187 Thread 0x000002a5da53d000 DEOPT PACKING pc=0x000002a5e4c17c84 sp=0x000000d4d13fa3e0
Event: 0.187 Thread 0x000002a5da53d000 DEOPT UNPACKING pc=0x000002a5e449a95e sp=0x000000d4d13f9848 mode 0
Event: 0.187 Thread 0x000002a5da53d000 DEOPT PACKING pc=0x000002a5e4c17c84 sp=0x000000d4d13fa3e0
Event: 0.187 Thread 0x000002a5da53d000 DEOPT UNPACKING pc=0x000002a5e449a95e sp=0x000000d4d13f9848 mode 0
Event: 0.188 Thread 0x000002a5da53d000 DEOPT PACKING pc=0x000002a5e4c17c84 sp=0x000000d4d13fa3e0
Event: 0.188 Thread 0x000002a5da53d000 DEOPT UNPACKING pc=0x000002a5e449a95e sp=0x000000d4d13f9848 mode 0
Event: 0.188 Thread 0x000002a5da53d000 DEOPT PACKING pc=0x000002a5e4c17c84 sp=0x000000d4d13fa3e0
Event: 0.188 Thread 0x000002a5da53d000 DEOPT UNPACKING pc=0x000002a5e449a95e sp=0x000000d4d13f9848 mode 0

Classes redefined (6 events):
Event: 16.834 Thread 0x000002a58adcf800 redefined class name=exam.Server, count=1
Event: 43.231 Thread 0x000002a58adcf800 redefined class name=exam.Server, count=2
Event: 72.456 Thread 0x000002a58adcf800 redefined class name=exam.Server, count=3
Event: 77.517 Thread 0x000002a58adcf800 redefined class name=exam.Server, count=4
Event: 91.164 Thread 0x000002a58adcf800 redefined class name=exam.Server, count=5
Event: 92.185 Thread 0x000002a58adcf800 redefined class name=exam.Server, count=6

Internal exceptions (0 events):
No events

Events (20 events):
Event: 91.180 Executing VM operation: GetFrameCount done
Event: 91.180 Executing VM operation: GetOwnedMonitorInfo
Event: 91.180 Executing VM operation: GetOwnedMonitorInfo done
Event: 91.180 Executing VM operation: GetCurrentContendedMonitor
Event: 91.180 Executing VM operation: GetCurrentContendedMonitor done
Event: 92.184 Executing VM operation: RedefineClasses
Event: 92.185 Executing VM operation: RedefineClasses done
Event: 92.187 Executing VM operation: ChangeBreakpoints
Event: 92.188 Executing VM operation: ChangeBreakpoints done
Event: 92.188 Executing VM operation: GetFrameCount
Event: 92.188 Executing VM operation: GetFrameCount done
Event: 92.188 Executing VM operation: GetStackTrace
Event: 92.188 Executing VM operation: GetStackTrace done
Event: 92.200 Executing VM operation: GetFrameCount
Event: 92.200 Executing VM operation: GetFrameCount done
Event: 92.200 Executing VM operation: GetOwnedMonitorInfo
Event: 92.200 Executing VM operation: GetOwnedMonitorInfo done
Event: 92.200 Executing VM operation: GetCurrentContendedMonitor
Event: 92.200 Executing VM operation: GetCurrentContendedMonitor done
Event: 94.102 Executing VM operation: GetOrSetLocal


Dynamic libraries:
0x00007ff6b6fe0000 - 0x00007ff6b7000000 	C:\Program Files\java\openjdk11\bin\javaw.exe
0x00007ffd2ce10000 - 0x00007ffd2d026000 	C:\WINDOWS\SYSTEM32\ntdll.dll
0x00007ffd2b790000 - 0x00007ffd2b854000 	C:\WINDOWS\System32\KERNEL32.DLL
0x00007ffd2a130000 - 0x00007ffd2a4d7000 	C:\WINDOWS\System32\KERNELBASE.dll
0x00007ffd2a4e0000 - 0x00007ffd2a5f1000 	C:\WINDOWS\System32\ucrtbase.dll
0x00007ffd102b0000 - 0x00007ffd102c5000 	C:\Program Files\java\openjdk11\bin\VCRUNTIME140.dll
0x00007ffd0fee0000 - 0x00007ffd0fef7000 	C:\Program Files\java\openjdk11\bin\jli.dll
0x00007ffd2b5e0000 - 0x00007ffd2b78e000 	C:\WINDOWS\System32\USER32.dll
0x00007ffd2a860000 - 0x00007ffd2a886000 	C:\WINDOWS\System32\win32u.dll
0x00007ffd04690000 - 0x00007ffd04923000 	C:\WINDOWS\WinSxS\amd64_microsoft.windows.common-controls_6595b64144ccf1df_6.0.22621.3235_none_270f74e173860f98\COMCTL32.dll
0x00007ffd2ad50000 - 0x00007ffd2ad79000 	C:\WINDOWS\System32\GDI32.dll
0x00007ffd2b220000 - 0x00007ffd2b2c7000 	C:\WINDOWS\System32\msvcrt.dll
0x00007ffd2a930000 - 0x00007ffd2aa49000 	C:\WINDOWS\System32\gdi32full.dll
0x00007ffd2a890000 - 0x00007ffd2a92a000 	C:\WINDOWS\System32\msvcp_win.dll
0x00007ffd2b3e0000 - 0x00007ffd2b411000 	C:\WINDOWS\System32\IMM32.DLL
0x00007ffcfee80000 - 0x00007ffcfef1b000 	C:\Program Files\java\openjdk11\bin\msvcp140.dll
0x00007ffcac470000 - 0x00007ffcacff1000 	C:\Program Files\java\openjdk11\bin\server\jvm.dll
0x00007ffd2cd10000 - 0x00007ffd2cdc2000 	C:\WINDOWS\System32\ADVAPI32.dll
0x00007ffd2b420000 - 0x00007ffd2b4c8000 	C:\WINDOWS\System32\sechost.dll
0x00007ffd2ab10000 - 0x00007ffd2ab38000 	C:\WINDOWS\System32\bcrypt.dll
0x00007ffd2ab40000 - 0x00007ffd2ac55000 	C:\WINDOWS\System32\RPCRT4.dll
0x00007ffd2b3d0000 - 0x00007ffd2b3d8000 	C:\WINDOWS\System32\PSAPI.DLL
0x00007ffd1f6e0000 - 0x00007ffd1f714000 	C:\WINDOWS\SYSTEM32\WINMM.dll
0x00007ffd215d0000 - 0x00007ffd215d9000 	C:\WINDOWS\SYSTEM32\WSOCK32.dll
0x00007ffd0ea60000 - 0x00007ffd0ea6a000 	C:\WINDOWS\SYSTEM32\VERSION.dll
0x00007ffd2acb0000 - 0x00007ffd2ad21000 	C:\WINDOWS\System32\WS2_32.dll
0x00007ffd29260000 - 0x00007ffd29278000 	C:\WINDOWS\SYSTEM32\kernel.appcore.dll
0x00007ffd1faa0000 - 0x00007ffd1fab0000 	C:\Program Files\java\openjdk11\bin\verify.dll
0x00007ffd27460000 - 0x00007ffd27693000 	C:\WINDOWS\SYSTEM32\DBGHELP.DLL
0x00007ffd2b860000 - 0x00007ffd2bbe8000 	C:\WINDOWS\System32\combase.dll
0x00007ffd2b040000 - 0x00007ffd2b117000 	C:\WINDOWS\System32\OLEAUT32.dll
0x00007ffd013d0000 - 0x00007ffd01402000 	C:\WINDOWS\SYSTEM32\dbgcore.DLL
0x00007ffd2a770000 - 0x00007ffd2a7e9000 	C:\WINDOWS\System32\bcryptPrimitives.dll
0x00007ffd1f600000 - 0x00007ffd1f628000 	C:\Program Files\java\openjdk11\bin\java.dll
0x00007ffd1fa90000 - 0x00007ffd1fa9a000 	C:\Program Files\java\openjdk11\bin\jimage.dll
0x00007ffd0efc0000 - 0x00007ffd0eff8000 	C:\Program Files\java\openjdk11\bin\jdwp.dll
0x00007ffd235f0000 - 0x00007ffd235fe000 	C:\Program Files\java\openjdk11\bin\instrument.dll
0x00007ffd1f4f0000 - 0x00007ffd1f508000 	C:\Program Files\java\openjdk11\bin\zip.dll
0x00007ffd2bdd0000 - 0x00007ffd2c62c000 	C:\WINDOWS\System32\SHELL32.dll
0x00007ffd280a0000 - 0x00007ffd28999000 	C:\WINDOWS\SYSTEM32\windows.storage.dll
0x00007ffd27f60000 - 0x00007ffd2809e000 	C:\WINDOWS\SYSTEM32\wintypes.dll
0x00007ffd2ad80000 - 0x00007ffd2ae73000 	C:\WINDOWS\System32\SHCORE.dll
0x00007ffd2b580000 - 0x00007ffd2b5de000 	C:\WINDOWS\System32\shlwapi.dll
0x00007ffd2a060000 - 0x00007ffd2a081000 	C:\WINDOWS\SYSTEM32\profapi.dll
0x00007ffd235d0000 - 0x00007ffd235da000 	C:\Program Files\java\openjdk11\bin\dt_socket.dll
0x00007ffd296d0000 - 0x00007ffd29739000 	C:\WINDOWS\System32\mswsock.dll
0x00007ffd28c20000 - 0x00007ffd28d19000 	C:\WINDOWS\SYSTEM32\DNSAPI.dll
0x00007ffd28bf0000 - 0x00007ffd28c1d000 	C:\WINDOWS\SYSTEM32\IPHLPAPI.DLL
0x00007ffd2b210000 - 0x00007ffd2b219000 	C:\WINDOWS\System32\NSI.dll
0x00007ffd1fe40000 - 0x00007ffd1fec3000 	C:\WINDOWS\System32\fwpuclnt.dll
0x00007ffd1f650000 - 0x00007ffd1f65a000 	C:\Windows\System32\rasadhlp.dll
0x00007ffd1dad0000 - 0x00007ffd1dae9000 	C:\Program Files\java\openjdk11\bin\net.dll
0x00007ffd215f0000 - 0x00007ffd21726000 	C:\WINDOWS\SYSTEM32\WINHTTP.dll
0x00007ffd1dab0000 - 0x00007ffd1dac3000 	C:\Program Files\java\openjdk11\bin\nio.dll

dbghelp: loaded successfully - version: 4.0.5 - missing functions: none
symbol engine: initialized successfully - sym options: 0x614 - pdb path: .;C:\Program Files\java\openjdk11\bin;C:\WINDOWS\SYSTEM32;C:\WINDOWS\WinSxS\amd64_microsoft.windows.common-controls_6595b64144ccf1df_6.0.22621.3235_none_270f74e173860f98;C:\Program Files\java\openjdk11\bin\server

VM Arguments:
jvm_args: -agentlib:jdwp=transport=dt_socket,suspend=y,address=localhost:64605 -javaagent:C:\Users\Å¸¸®\Desktop\MKY\workspace\eclipse\configuration\org.eclipse.osgi\407\0\.cp\lib\javaagent-shaded.jar -Dfile.encoding=UTF-8 
java_command: exam.Server
java_class_path (initial): C:\Users\Å¸¸®\Desktop\MKY\workspace\work_space\workspace\01_workspace_java\Day_14_Thread\bin
Launcher Type: SUN_STANDARD

[Global flags]
     intx CICompilerCount                          = 12                                        {product} {ergonomic}
     uint ConcGCThreads                            = 4                                         {product} {ergonomic}
     uint G1ConcRefinementThreads                  = 14                                        {product} {ergonomic}
   size_t G1HeapRegionSize                         = 2097152                                   {product} {ergonomic}
    uintx GCDrainStackTargetSize                   = 64                                        {product} {ergonomic}
   size_t InitialHeapSize                          = 530579456                                 {product} {ergonomic}
   size_t MarkStackSize                            = 4194304                                   {product} {ergonomic}
   size_t MaxHeapSize                              = 8480882688                                {product} {ergonomic}
   size_t MaxNewSize                               = 5087690752                                {product} {ergonomic}
   size_t MinHeapDeltaBytes                        = 2097152                                   {product} {ergonomic}
    uintx NonNMethodCodeHeapSize                   = 7594288                                {pd product} {ergonomic}
    uintx NonProfiledCodeHeapSize                  = 122031976                              {pd product} {ergonomic}
    uintx ProfiledCodeHeapSize                     = 122031976                              {pd product} {ergonomic}
    uintx ReservedCodeCacheSize                    = 251658240                              {pd product} {ergonomic}
     bool SegmentedCodeCache                       = true                                      {product} {ergonomic}
     bool UseCompressedClassPointers               = true                                 {lp64_product} {ergonomic}
     bool UseCompressedOops                        = true                                 {lp64_product} {ergonomic}
     bool UseG1GC                                  = true                                      {product} {ergonomic}
     bool UseLargePagesIndividualAllocation        = false                                  {pd product} {ergonomic}

Logging:
Log output configuration:
 #0: stdout all=warning uptime,level,tags
 #1: stderr all=off uptime,level,tags

Environment Variables:
PATH=C:/Program Files/java/openjdk11/bin/server;C:/Program Files/java/openjdk11/bin;C:\Program Files (x86)\VMware\VMware Workstation\bin\;C:\WINDOWS\system32;C:\WINDOWS;C:\WINDOWS\System32\Wbem;C:\WINDOWS\System32\WindowsPowerShell\v1.0\;C:\WINDOWS\System32\OpenSSH\;C:\Program Files\nodejs\;C:\Program Files\Bandizip\;C:\Users\Å¸¸®\AppData\Local\Microsoft\WindowsApps;C:\Users\Å¸¸®\AppData\Local\Programs\Microsoft VS Code\bin;C:\Users\Å¸¸®\AppData\Roaming\npm;C:\Users\Å¸¸®\AppData\Local\gitkraken\bin;C:\Users\Å¸¸®\Desktop\MKY\workspace\eclipse;
USERNAME=Å¸¸®
OS=Windows_NT
PROCESSOR_IDENTIFIER=Intel64 Family 6 Model 170 Stepping 4, GenuineIntel



---------------  S Y S T E M  ---------------

OS: Windows 11 , 64 bit Build 22621 (10.0.22621.3374)
OS uptime: 3 days 16:52 hours

CPU:total 18 (initial active 18) (9 cores per cpu, 2 threads per core) family 6 model 170 stepping 4 microcode 0x1c, cmov, cx8, fxsr, mmx, sse, sse2, sse3, ssse3, sse4.1, sse4.2, popcnt, avx, avx2, aes, clmul, erms, 3dnowpref, lzcnt, ht, tsc, tscinvbit, bmi1, bmi2, adx, sha, fma

Memory: 4k page, system-wide physical 32348M (18823M free)
TotalPageFile size 34396M (AvailPageFile size 19607M)
current process WorkingSet (physical memory assigned to process): 61M, peak: 62M
current process commit charge ("private bytes"): 618M, peak: 620M

vm_info: OpenJDK 64-Bit Server VM (11.0.15+9-LTS) for windows-amd64 JRE (11.0.15+9-LTS), built on Apr 30 2022 22:13:03 by "" with unknown MS VC++:1916

END.
